<?xml version="1.0" encoding="UTF-8"?>
<!-- Generated by org.testng.reporters.JUnitReportReporter -->
<testsuite skipped="0" hostname="ASDP1747PO02529" name="org.qait.tatoc.test.tatoc1.Test1" tests="7" failures="0" timestamp="26 Jul 2017 05:50:14 GMT" time="210.932" errors="0">
  <testcase name="testLaunchApplication" time="5.419" classname="org.qait.tatoc.test.tatoc1.Test1"/>
  <testcase name="testClickOnBasicCourse" time="0.804" classname="org.qait.tatoc.test.tatoc1.Test1"/>
  <testcase name="testClickOnGreenBox" time="0.314" classname="org.qait.tatoc.test.tatoc1.Test1"/>
  <testcase name="testclickOnProceedWhenColorOfBothBoxAreSame" time="203.444" classname="org.qait.tatoc.test.tatoc1.Test1"/>
  <testcase name="testclickOnProceedWhenDragMeBoxIsInCellLabeledDropBox" time="0.194" classname="org.qait.tatoc.test.tatoc1.Test1"/>
  <testcase name="testclickOnProceedWhenPopUpWindowFormWasSubmittedProperly" time="0.557" classname="org.qait.tatoc.test.tatoc1.Test1"/>
  <testcase name="testclickOnProceedWhenTokenCookieIsSetProperlyAndTokenIsValid" time="0.200" classname="org.qait.tatoc.test.tatoc1.Test1"/>
</testsuite> <!-- org.qait.tatoc.test.tatoc1.Test1 -->
