<?xml version="1.0" encoding="UTF-8"?>
<!-- Generated by org.testng.reporters.JUnitReportReporter -->
<testsuite skipped="0" hostname="ASDP1747PO02529" name="org.qait.tatoc.test.tatoc1.TatocBasicTest" tests="7" failures="0" timestamp="26 Jul 2017 09:36:18 GMT" time="108.652" errors="0">
  <testcase name="testLaunchApplication" time="5.510" classname="org.qait.tatoc.test.tatoc1.TatocBasicTest"/>
  <testcase name="testClickOnBasicCourse" time="0.379" classname="org.qait.tatoc.test.tatoc1.TatocBasicTest"/>
  <testcase name="testClickOnGreenBox" time="0.587" classname="org.qait.tatoc.test.tatoc1.TatocBasicTest"/>
  <testcase name="testclickOnProceedWhenColorOfBothBoxAreSame" time="100.830" classname="org.qait.tatoc.test.tatoc1.TatocBasicTest"/>
  <testcase name="testclickOnProceedWhenDragMeBoxIsInCellLabeledDropBox" time="0.266" classname="org.qait.tatoc.test.tatoc1.TatocBasicTest"/>
  <testcase name="testclickOnProceedWhenPopUpWindowFormWasSubmittedProperly" time="0.767" classname="org.qait.tatoc.test.tatoc1.TatocBasicTest"/>
  <testcase name="testclickOnProceedWhenTokenCookieIsSetProperlyAndTokenIsValid" time="0.313" classname="org.qait.tatoc.test.tatoc1.TatocBasicTest"/>
</testsuite> <!-- org.qait.tatoc.test.tatoc1.TatocBasicTest -->
