<?xml version="1.0" encoding="UTF-8"?>
<!-- Generated by org.testng.reporters.JUnitReportReporter -->
<testsuite skipped="0" hostname="ASDP1747PO02529" name="org.qait.tatoc.test.tatoc1.TatocAdvanceTest" tests="4" failures="0" timestamp="26 Jul 2017 09:36:18 GMT" time="9.328" errors="0">
  <testcase name="testLaunchApplication" time="6.160" classname="org.qait.tatoc.test.tatoc1.TatocAdvanceTest"/>
  <testcase name="testClickOnAdvanceCourse" time="0.488" classname="org.qait.tatoc.test.tatoc1.TatocAdvanceTest"/>
  <testcase name="testClickOnNexrFromMenu2" time="0.175" classname="org.qait.tatoc.test.tatoc1.TatocAdvanceTest"/>
  <testcase name="testSubmitValidcredentials" time="2.505" classname="org.qait.tatoc.test.tatoc1.TatocAdvanceTest"/>
</testsuite> <!-- org.qait.tatoc.test.tatoc1.TatocAdvanceTest -->
